[0831/163714.195:ERROR:process_memory_win.cc(73)] ReadMemory at 0x2438b020a60 of 72 bytes failed: Only part of a ReadProcessMemory or WriteProcessMemory request was completed. (0x12B)
[0831/163714.197:WARNING:pe_image_annotations_reader.cc(134)] could not read annotations list object in C:\Program Files (x86)\Google\Chrome\Application\84.0.4147.135\chrome_elf.dll
[0831/163714.198:ERROR:process_memory_win.cc(73)] ReadMemory at 0x2438b068cd0 of 72 bytes failed: Only part of a ReadProcessMemory or WriteProcessMemory request was completed. (0x12B)
[0831/163714.198:WARNING:pe_image_annotations_reader.cc(134)] could not read annotations list object in C:\Program Files (x86)\Google\Chrome\Application\84.0.4147.135\chrome.dll
[0831/163714.251:ERROR:process_memory_win.cc(73)] ReadMemory at 0x7ff651720000 of 64 bytes failed: Only part of a ReadProcessMemory or WriteProcessMemory request was completed. (0x12B)
[0831/163714.252:WARNING:pe_image_reader.cc(340)] could not read dos header from C:\Program Files (x86)\Google\Chrome\Application\chrome.exe
[0831/163714.252:ERROR:process_memory_win.cc(73)] ReadMemory at 0x7ffa3e1b0000 of 64 bytes failed: Only part of a ReadProcessMemory or WriteProcessMemory request was completed. (0x12B)
[0831/163714.252:WARNING:pe_image_reader.cc(340)] could not read dos header from C:\windows\SYSTEM32\ntdll.dll
[0831/163714.252:ERROR:process_memory_win.cc(73)] ReadMemory at 0x7ffa3cb70000 of 64 bytes failed: Only part of a ReadProcessMemory or WriteProcessMemory request was completed. (0x12B)
[0831/163714.252:WARNING:pe_image_reader.cc(340)] could not read dos header from C:\windows\System32\KERNEL32.DLL
[0831/163714.252:ERROR:process_memory_win.cc(73)] ReadMemory at 0x7ffa3bd90000 of 64 bytes failed: Only part of a ReadProcessMemory or WriteProcessMemory request was completed. (0x12B)
[0831/163714.252:WARNING:pe_image_reader.cc(340)] could not read dos header from C:\windows\System32\KERNELBASE.dll
[0831/163714.252:ERROR:process_memory_win.cc(73)] ReadMemory at 0x7ff9e8450000 of 64 bytes failed: Only part of a ReadProcessMemory or WriteProcessMemory request was completed. (0x12B)
[0831/163714.252:WARNING:pe_image_reader.cc(340)] could not read dos header from C:\Program Files (x86)\Google\Chrome\Application\84.0.4147.135\chrome_elf.dll
[0831/163714.252:ERROR:process_memory_win.cc(73)] ReadMemory at 0x7ffa35ac0000 of 64 bytes failed: Only part of a ReadProcessMemory or WriteProcessMemory request was completed. (0x12B)
[0831/163714.252:WARNING:pe_image_reader.cc(340)] could not read dos header from C:\windows\SYSTEM32\VERSION.dll
[0831/163714.252:ERROR:process_memory_win.cc(73)] ReadMemory at 0x7ffa3d500000 of 64 bytes failed: Only part of a ReadProcessMemory or WriteProcessMemory request was completed. (0x12B)
[0831/163714.252:WARNING:pe_image_reader.cc(340)] could not read dos header from C:\windows\System32\msvcrt.dll
[0831/163714.252:ERROR:process_memory_win.cc(73)] ReadMemory at 0x7ffa3d820000 of 64 bytes failed: Only part of a ReadProcessMemory or WriteProcessMemory request was completed. (0x12B)
[0831/163714.253:WARNING:pe_image_reader.cc(340)] could not read dos header from C:\windows\System32\ADVAPI32.dll
[0831/163714.253:ERROR:process_memory_win.cc(73)] ReadMemory at 0x7ffa3c4a0000 of 64 bytes failed: Only part of a ReadProcessMemory or WriteProcessMemory request was completed. (0x12B)
[0831/163714.253:WARNING:pe_image_reader.cc(340)] could not read dos header from C:\windows\System32\sechost.dll
[0831/163714.253:ERROR:process_memory_win.cc(73)] ReadMemory at 0x7ffa3d610000 of 64 bytes failed: Only part of a ReadProcessMemory or WriteProcessMemory request was completed. (0x12B)
[0831/163714.253:WARNING:pe_image_reader.cc(340)] could not read dos header from C:\windows\System32\RPCRT4.dll
[0831/163714.253:ERROR:process_memory_win.cc(73)] ReadMemory at 0x7ff9dfa30000 of 64 bytes failed: Only part of a ReadProcessMemory or WriteProcessMemory request was completed. (0x12B)
[0831/163714.253:WARNING:pe_image_reader.cc(340)] could not read dos header from C:\Program Files (x86)\Google\Chrome\Application\84.0.4147.135\chrome.dll
[0831/163714.253:ERROR:process_memory_win.cc(73)] ReadMemory at 0x7ffa3d5a0000 of 64 bytes failed: Only part of a ReadProcessMemory or WriteProcessMemory request was completed. (0x12B)
[0831/163714.253:WARNING:pe_image_reader.cc(340)] could not read dos header from C:\windows\System32\WS2_32.dll
[0831/163714.253:ERROR:process_memory_win.cc(73)] ReadMemory at 0x7ffa3dc30000 of 64 bytes failed: Only part of a ReadProcessMemory or WriteProcessMemory request was completed. (0x12B)
[0831/163714.253:WARNING:pe_image_reader.cc(340)] could not read dos header from C:\windows\System32\OLEAUT32.dll
[0831/163714.253:ERROR:process_memory_win.cc(73)] ReadMemory at 0x7ffa3b9e0000 of 64 bytes failed: Only part of a ReadProcessMemory or WriteProcessMemory request was completed. (0x12B)
[0831/163714.253:WARNING:pe_image_reader.cc(340)] could not read dos header from C:\windows\System32\msvcp_win.dll
[0831/163714.253:ERROR:process_memory_win.cc(73)] ReadMemory at 0x7ffa3bb30000 of 64 bytes failed: Only part of a ReadProcessMemory or WriteProcessMemory request was completed. (0x12B)
[0831/163714.253:WARNING:pe_image_reader.cc(340)] could not read dos header from C:\windows\System32\ucrtbase.dll
[0831/163714.253:ERROR:process_memory_win.cc(73)] ReadMemory at 0x7ffa3d8d0000 of 64 bytes failed: Only part of a ReadProcessMemory or WriteProcessMemory request was completed. (0x12B)
[0831/163714.253:WARNING:pe_image_reader.cc(340)] could not read dos header from C:\windows\System32\combase.dll
[0831/163714.253:ERROR:process_memory_win.cc(73)] ReadMemory at 0x7ffa3b930000 of 64 bytes failed: Only part of a ReadProcessMemory or WriteProcessMemory request was completed. (0x12B)
[0831/163714.253:WARNING:pe_image_reader.cc(340)] could not read dos header from C:\windows\System32\WINTRUST.dll
[0831/163714.253:ERROR:process_memory_win.cc(73)] ReadMemory at 0x7ffa3bc30000 of 64 bytes failed: Only part of a ReadProcessMemory or WriteProcessMemory request was completed. (0x12B)
[0831/163714.253:WARNING:pe_image_reader.cc(340)] could not read dos header from C:\windows\System32\CRYPT32.dll
[0831/163714.253:ERROR:process_memory_win.cc(73)] ReadMemory at 0x7ffa3ad20000 of 64 bytes failed: Only part of a ReadProcessMemory or WriteProcessMemory request was completed. (0x12B)
[0831/163714.253:WARNING:pe_image_reader.cc(340)] could not read dos header from C:\windows\SYSTEM32\IPHLPAPI.DLL
[0831/163714.253:ERROR:process_memory_win.cc(73)] ReadMemory at 0x7ffa301e0000 of 64 bytes failed: Only part of a ReadProcessMemory or WriteProcessMemory request was completed. (0x12B)
[0831/163714.253:WARNING:pe_image_reader.cc(340)] could not read dos header from C:\windows\SYSTEM32\WINMM.dll
[0831/163714.253:ERROR:process_memory_win.cc(73)] ReadMemory at 0x7ffa2b860000 of 64 bytes failed: Only part of a ReadProcessMemory or WriteProcessMemory request was completed. (0x12B)
[0831/163714.253:WARNING:pe_image_reader.cc(340)] could not read dos header from C:\windows\SYSTEM32\Secur32.dll
[0831/163714.253:ERROR:process_memory_win.cc(73)] ReadMemory at 0x7ffa3b7c0000 of 64 bytes failed: Only part of a ReadProcessMemory or WriteProcessMemory request was completed. (0x12B)
[0831/163714.253:WARNING:pe_image_reader.cc(340)] could not read dos header from C:\windows\SYSTEM32\USERENV.dll
[0831/163714.253:ERROR:process_memory_win.cc(73)] ReadMemory at 0x7ffa0d2a0000 of 64 bytes failed: Only part of a ReadProcessMemory or WriteProcessMemory request was completed. (0x12B)
[0831/163714.253:WARNING:pe_image_reader.cc(340)] could not read dos header from C:\windows\SYSTEM32\UIAutomationCore.DLL
[0831/163714.253:ERROR:process_memory_win.cc(73)] ReadMemory at 0x7ffa18920000 of 64 bytes failed: Only part of a ReadProcessMemory or WriteProcessMemory request was completed. (0x12B)
[0831/163714.253:WARNING:pe_image_reader.cc(340)] could not read dos header from C:\windows\SYSTEM32\DWrite.dll
[0831/163714.253:ERROR:process_memory_win.cc(73)] ReadMemory at 0x7ffa2ebc0000 of 64 bytes failed: Only part of a ReadProcessMemory or WriteProcessMemory request was completed. (0x12B)
[0831/163714.253:WARNING:pe_image_reader.cc(340)] could not read dos header from C:\windows\SYSTEM32\WINSPOOL.DRV
[0831/163714.253:ERROR:process_memory_win.cc(73)] ReadMemory at 0x7ffa282c0000 of 64 bytes failed: Only part of a ReadProcessMemory or WriteProcessMemory request was completed. (0x12B)
[0831/163714.253:WARNING:pe_image_reader.cc(340)] could not read dos header from C:\windows\SYSTEM32\dbghelp.dll
[0831/163714.254:ERROR:process_memory_win.cc(73)] ReadMemory at 0x7ffa2fb30000 of 64 bytes failed: Only part of a ReadProcessMemory or WriteProcessMemory request was completed. (0x12B)
[0831/163714.254:WARNING:pe_image_reader.cc(340)] could not read dos header from C:\windows\SYSTEM32\WINHTTP.dll
[0831/163714.254:ERROR:process_memory_win.cc(73)] ReadMemory at 0x7ffa359f0000 of 64 bytes failed: Only part of a ReadProcessMemory or WriteProcessMemory request was completed. (0x12B)
[0831/163714.254:WARNING:pe_image_reader.cc(340)] could not read dos header from C:\windows\SYSTEM32\dhcpcsvc.DLL
[0831/163714.254:ERROR:process_memory_win.cc(73)] ReadMemory at 0x7ffa3a0c0000 of 64 bytes failed: Only part of a ReadProcessMemory or WriteProcessMemory request was completed. (0x12B)
[0831/163714.254:WARNING:pe_image_reader.cc(340)] could not read dos header from C:\windows\SYSTEM32\PROPSYS.dll
[0831/163714.254:ERROR:process_memory_win.cc(73)] ReadMemory at 0x7ffa3b7f0000 of 64 bytes failed: Only part of a ReadProcessMemory or WriteProcessMemory request was completed. (0x12B)
[0831/163714.254:WARNING:pe_image_reader.cc(340)] could not read dos header from C:\windows\SYSTEM32\SSPICLI.DLL
[0831/163714.254:ERROR:process_memory_win.cc(73)] ReadMemory at 0x7ffa3b490000 of 64 bytes failed: Only part of a ReadProcessMemory or WriteProcessMemory request was completed. (0x12B)
[0831/163714.254:WARNING:pe_image_reader.cc(340)] could not read dos header from C:\windows\System32\MSASN1.dll
[0831/163714.254:ERROR:process_memory_win.cc(73)] ReadMemory at 0x7ffa3ba80000 of 64 bytes failed: Only part of a ReadProcessMemory or WriteProcessMemory request was completed. (0x12B)
[0831/163714.254:WARNING:pe_image_reader.cc(340)] could not read dos header from C:\windows\System32\bcryptPrimitives.dll
[0831/163714.254:ERROR:process_memory_win.cc(73)] ReadMemory at 0x7ffa3b220000 of 64 bytes failed: Only part of a ReadProcessMemory or WriteProcessMemory request was completed. (0x12B)
[0831/163714.254:WARNING:pe_image_reader.cc(340)] could not read dos header from C:\windows\SYSTEM32\CRYPTBASE.DLL
[0831/163714.261:ERROR:process_memory_win.cc(73)] ReadMemory at 0x7ff651720000 of 64 bytes failed: Only part of a ReadProcessMemory or WriteProcessMemory request was completed. (0x12B)
[0831/163714.261:WARNING:pe_image_reader.cc(340)] could not read dos header from C:\Program Files (x86)\Google\Chrome\Application\chrome.exe
[0831/163714.261:ERROR:process_memory_win.cc(73)] ReadMemory at 0x7ffa3e1b0000 of 64 bytes failed: Only part of a ReadProcessMemory or WriteProcessMemory request was completed. (0x12B)
[0831/163714.261:WARNING:pe_image_reader.cc(340)] could not read dos header from C:\windows\SYSTEM32\ntdll.dll
[0831/163714.261:ERROR:process_memory_win.cc(73)] ReadMemory at 0x7ffa3cb70000 of 64 bytes failed: Only part of a ReadProcessMemory or WriteProcessMemory request was completed. (0x12B)
[0831/163714.261:WARNING:pe_image_reader.cc(340)] could not read dos header from C:\windows\System32\KERNEL32.DLL
[0831/163714.261:ERROR:process_memory_win.cc(73)] ReadMemory at 0x7ffa3bd90000 of 64 bytes failed: Only part of a ReadProcessMemory or WriteProcessMemory request was completed. (0x12B)
[0831/163714.261:WARNING:pe_image_reader.cc(340)] could not read dos header from C:\windows\System32\KERNELBASE.dll
[0831/163714.261:ERROR:process_memory_win.cc(73)] ReadMemory at 0x7ff9e8450000 of 64 bytes failed: Only part of a ReadProcessMemory or WriteProcessMemory request was completed. (0x12B)
[0831/163714.261:WARNING:pe_image_reader.cc(340)] could not read dos header from C:\Program Files (x86)\Google\Chrome\Application\84.0.4147.135\chrome_elf.dll
[0831/163714.261:ERROR:process_memory_win.cc(73)] ReadMemory at 0x7ffa35ac0000 of 64 bytes failed: Only part of a ReadProcessMemory or WriteProcessMemory request was completed. (0x12B)
[0831/163714.261:WARNING:pe_image_reader.cc(340)] could not read dos header from C:\windows\SYSTEM32\VERSION.dll
[0831/163714.261:ERROR:process_memory_win.cc(73)] ReadMemory at 0x7ffa3d500000 of 64 bytes failed: Only part of a ReadProcessMemory or WriteProcessMemory request was completed. (0x12B)
[0831/163714.261:WARNING:pe_image_reader.cc(340)] could not read dos header from C:\windows\System32\msvcrt.dll
[0831/163714.262:ERROR:process_memory_win.cc(73)] ReadMemory at 0x7ffa3d820000 of 64 bytes failed: Only part of a ReadProcessMemory or WriteProcessMemory request was completed. (0x12B)
[0831/163714.262:WARNING:pe_image_reader.cc(340)] could not read dos header from C:\windows\System32\ADVAPI32.dll
[0831/163714.262:ERROR:process_memory_win.cc(73)] ReadMemory at 0x7ffa3c4a0000 of 64 bytes failed: Only part of a ReadProcessMemory or WriteProcessMemory request was completed. (0x12B)
[0831/163714.262:WARNING:pe_image_reader.cc(340)] could not read dos header from C:\windows\System32\sechost.dll
[0831/163714.262:ERROR:process_memory_win.cc(73)] ReadMemory at 0x7ffa3d610000 of 64 bytes failed: Only part of a ReadProcessMemory or WriteProcessMemory request was completed. (0x12B)
[0831/163714.262:WARNING:pe_image_reader.cc(340)] could not read dos header from C:\windows\System32\RPCRT4.dll
[0831/163714.262:ERROR:process_memory_win.cc(73)] ReadMemory at 0x7ff9dfa30000 of 64 bytes failed: Only part of a ReadProcessMemory or WriteProcessMemory request was completed. (0x12B)
[0831/163714.262:WARNING:pe_image_reader.cc(340)] could not read dos header from C:\Program Files (x86)\Google\Chrome\Application\84.0.4147.135\chrome.dll
[0831/163714.262:ERROR:process_memory_win.cc(73)] ReadMemory at 0x7ffa3d5a0000 of 64 bytes failed: Only part of a ReadProcessMemory or WriteProcessMemory request was completed. (0x12B)
[0831/163714.262:WARNING:pe_image_reader.cc(340)] could not read dos header from C:\windows\System32\WS2_32.dll
[0831/163714.262:ERROR:process_memory_win.cc(73)] ReadMemory at 0x7ffa3dc30000 of 64 bytes failed: Only part of a ReadProcessMemory or WriteProcessMemory request was completed. (0x12B)
[0831/163714.262:WARNING:pe_image_reader.cc(340)] could not read dos header from C:\windows\System32\OLEAUT32.dll
[0831/163714.264:ERROR:process_memory_win.cc(73)] ReadMemory at 0x7ffa3b9e0000 of 64 bytes failed: Only part of a ReadProcessMemory or WriteProcessMemory request was completed. (0x12B)
[0831/163714.264:WARNING:pe_image_reader.cc(340)] could not read dos header from C:\windows\System32\msvcp_win.dll
[0831/163714.264:ERROR:process_memory_win.cc(73)] ReadMemory at 0x7ffa3bb30000 of 64 bytes failed: Only part of a ReadProcessMemory or WriteProcessMemory request was completed. (0x12B)
[0831/163714.265:WARNING:pe_image_reader.cc(340)] could not read dos header from C:\windows\System32\ucrtbase.dll
[0831/163714.265:ERROR:process_memory_win.cc(73)] ReadMemory at 0x7ffa3d8d0000 of 64 bytes failed: Only part of a ReadProcessMemory or WriteProcessMemory request was completed. (0x12B)
[0831/163714.265:WARNING:pe_image_reader.cc(340)] could not read dos header from C:\windows\System32\combase.dll
[0831/163714.265:ERROR:process_memory_win.cc(73)] ReadMemory at 0x7ffa3b930000 of 64 bytes failed: Only part of a ReadProcessMemory or WriteProcessMemory request was completed. (0x12B)
[0831/163714.265:WARNING:pe_image_reader.cc(340)] could not read dos header from C:\windows\System32\WINTRUST.dll
[0831/163714.265:ERROR:process_memory_win.cc(73)] ReadMemory at 0x7ffa3bc30000 of 64 bytes failed: Only part of a ReadProcessMemory or WriteProcessMemory request was completed. (0x12B)
[0831/163714.265:WARNING:pe_image_reader.cc(340)] could not read dos header from C:\windows\System32\CRYPT32.dll
[0831/163714.265:ERROR:process_memory_win.cc(73)] ReadMemory at 0x7ffa3ad20000 of 64 bytes failed: Only part of a ReadProcessMemory or WriteProcessMemory request was completed. (0x12B)
[0831/163714.265:WARNING:pe_image_reader.cc(340)] could not read dos header from C:\windows\SYSTEM32\IPHLPAPI.DLL
[0831/163714.265:ERROR:process_memory_win.cc(73)] ReadMemory at 0x7ffa301e0000 of 64 bytes failed: Only part of a ReadProcessMemory or WriteProcessMemory request was completed. (0x12B)
[0831/163714.265:WARNING:pe_image_reader.cc(340)] could not read dos header from C:\windows\SYSTEM32\WINMM.dll
[0831/163714.266:ERROR:process_memory_win.cc(73)] ReadMemory at 0x7ffa2b860000 of 64 bytes failed: Only part of a ReadProcessMemory or WriteProcessMemory request was completed. (0x12B)
[0831/163714.266:WARNING:pe_image_reader.cc(340)] could not read dos header from C:\windows\SYSTEM32\Secur32.dll
[0831/163714.266:ERROR:process_memory_win.cc(73)] ReadMemory at 0x7ffa3b7c0000 of 64 bytes failed: Only part of a ReadProcessMemory or WriteProcessMemory request was completed. (0x12B)
[0831/163714.266:WARNING:pe_image_reader.cc(340)] could not read dos header from C:\windows\SYSTEM32\USERENV.dll
[0831/163714.266:ERROR:process_memory_win.cc(73)] ReadMemory at 0x7ffa0d2a0000 of 64 bytes failed: Only part of a ReadProcessMemory or WriteProcessMemory request was completed. (0x12B)
[0831/163714.266:WARNING:pe_image_reader.cc(340)] could not read dos header from C:\windows\SYSTEM32\UIAutomationCore.DLL
[0831/163714.266:ERROR:process_memory_win.cc(73)] ReadMemory at 0x7ffa18920000 of 64 bytes failed: Only part of a ReadProcessMemory or WriteProcessMemory request was completed. (0x12B)
[0831/163714.266:WARNING:pe_image_reader.cc(340)] could not read dos header from C:\windows\SYSTEM32\DWrite.dll
[0831/163714.266:ERROR:process_memory_win.cc(73)] ReadMemory at 0x7ffa2ebc0000 of 64 bytes failed: Only part of a ReadProcessMemory or WriteProcessMemory request was completed. (0x12B)
[0831/163714.266:WARNING:pe_image_reader.cc(340)] could not read dos header from C:\windows\SYSTEM32\WINSPOOL.DRV
[0831/163714.266:ERROR:process_memory_win.cc(73)] ReadMemory at 0x7ffa282c0000 of 64 bytes failed: Only part of a ReadProcessMemory or WriteProcessMemory request was completed. (0x12B)
[0831/163714.266:WARNING:pe_image_reader.cc(340)] could not read dos header from C:\windows\SYSTEM32\dbghelp.dll
[0831/163714.266:ERROR:process_memory_win.cc(73)] ReadMemory at 0x7ffa2fb30000 of 64 bytes failed: Only part of a ReadProcessMemory or WriteProcessMemory request was completed. (0x12B)
[0831/163714.266:WARNING:pe_image_reader.cc(340)] could not read dos header from C:\windows\SYSTEM32\WINHTTP.dll
[0831/163714.266:ERROR:process_memory_win.cc(73)] ReadMemory at 0x7ffa359f0000 of 64 bytes failed: Only part of a ReadProcessMemory or WriteProcessMemory request was completed. (0x12B)
[0831/163714.266:WARNING:pe_image_reader.cc(340)] could not read dos header from C:\windows\SYSTEM32\dhcpcsvc.DLL
[0831/163714.266:ERROR:process_memory_win.cc(73)] ReadMemory at 0x7ffa3a0c0000 of 64 bytes failed: Only part of a ReadProcessMemory or WriteProcessMemory request was completed. (0x12B)
[0831/163714.266:WARNING:pe_image_reader.cc(340)] could not read dos header from C:\windows\SYSTEM32\PROPSYS.dll
[0831/163714.266:ERROR:process_memory_win.cc(73)] ReadMemory at 0x7ffa3b7f0000 of 64 bytes failed: Only part of a ReadProcessMemory or WriteProcessMemory request was completed. (0x12B)
[0831/163714.266:WARNING:pe_image_reader.cc(340)] could not read dos header from C:\windows\SYSTEM32\SSPICLI.DLL
[0831/163714.266:ERROR:process_memory_win.cc(73)] ReadMemory at 0x7ffa3b490000 of 64 bytes failed: Only part of a ReadProcessMemory or WriteProcessMemory request was completed. (0x12B)
[0831/163714.266:WARNING:pe_image_reader.cc(340)] could not read dos header from C:\windows\System32\MSASN1.dll
[0831/163714.267:ERROR:process_memory_win.cc(73)] ReadMemory at 0x7ffa3ba80000 of 64 bytes failed: Only part of a ReadProcessMemory or WriteProcessMemory request was completed. (0x12B)
[0831/163714.267:WARNING:pe_image_reader.cc(340)] could not read dos header from C:\windows\System32\bcryptPrimitives.dll
[0831/163714.267:ERROR:process_memory_win.cc(73)] ReadMemory at 0x7ffa3b220000 of 64 bytes failed: Only part of a ReadProcessMemory or WriteProcessMemory request was completed. (0x12B)
[0831/163714.267:WARNING:pe_image_reader.cc(340)] could not read dos header from C:\windows\SYSTEM32\CRYPTBASE.DLL
[0831/163714.267:ERROR:process_memory_win.cc(73)] ReadMemory at 0x7ff651720000 of 64 bytes failed: Only part of a ReadProcessMemory or WriteProcessMemory request was completed. (0x12B)
[0831/163714.267:WARNING:pe_image_reader.cc(340)] could not read dos header from C:\Program Files (x86)\Google\Chrome\Application\chrome.exe
[0831/163714.267:ERROR:process_memory_win.cc(73)] ReadMemory at 0x7ffa3e1b0000 of 64 bytes failed: Only part of a ReadProcessMemory or WriteProcessMemory request was completed. (0x12B)
[0831/163714.267:WARNING:pe_image_reader.cc(340)] could not read dos header from C:\windows\SYSTEM32\ntdll.dll
[0831/163714.267:ERROR:process_memory_win.cc(73)] ReadMemory at 0x7ffa3cb70000 of 64 bytes failed: Only part of a ReadProcessMemory or WriteProcessMemory request was completed. (0x12B)
[0831/163714.267:WARNING:pe_image_reader.cc(340)] could not read dos header from C:\windows\System32\KERNEL32.DLL
[0831/163714.267:ERROR:process_memory_win.cc(73)] ReadMemory at 0x7ffa3bd90000 of 64 bytes failed: Only part of a ReadProcessMemory or WriteProcessMemory request was completed. (0x12B)
[0831/163714.267:WARNING:pe_image_reader.cc(340)] could not read dos header from C:\windows\System32\KERNELBASE.dll
[0831/163714.267:ERROR:process_memory_win.cc(73)] ReadMemory at 0x7ff9e8450000 of 64 bytes failed: Only part of a ReadProcessMemory or WriteProcessMemory request was completed. (0x12B)
[0831/163714.267:WARNING:pe_image_reader.cc(340)] could not read dos header from C:\Program Files (x86)\Google\Chrome\Application\84.0.4147.135\chrome_elf.dll
[0831/163714.267:ERROR:process_memory_win.cc(73)] ReadMemory at 0x7ffa35ac0000 of 64 bytes failed: Only part of a ReadProcessMemory or WriteProcessMemory request was completed. (0x12B)
[0831/163714.267:WARNING:pe_image_reader.cc(340)] could not read dos header from C:\windows\SYSTEM32\VERSION.dll
[0831/163714.267:ERROR:process_memory_win.cc(73)] ReadMemory at 0x7ffa3d500000 of 64 bytes failed: Only part of a ReadProcessMemory or WriteProcessMemory request was completed. (0x12B)
[0831/163714.267:WARNING:pe_image_reader.cc(340)] could not read dos header from C:\windows\System32\msvcrt.dll
[0831/163714.267:ERROR:process_memory_win.cc(73)] ReadMemory at 0x7ffa3d820000 of 64 bytes failed: Only part of a ReadProcessMemory or WriteProcessMemory request was completed. (0x12B)
[0831/163714.267:WARNING:pe_image_reader.cc(340)] could not read dos header from C:\windows\System32\ADVAPI32.dll
[0831/163714.267:ERROR:process_memory_win.cc(73)] ReadMemory at 0x7ffa3c4a0000 of 64 bytes failed: Only part of a ReadProcessMemory or WriteProcessMemory request was completed. (0x12B)
[0831/163714.267:WARNING:pe_image_reader.cc(340)] could not read dos header from C:\windows\System32\sechost.dll
[0831/163714.267:ERROR:process_memory_win.cc(73)] ReadMemory at 0x7ffa3d610000 of 64 bytes failed: Only part of a ReadProcessMemory or WriteProcessMemory request was completed. (0x12B)
[0831/163714.267:WARNING:pe_image_reader.cc(340)] could not read dos header from C:\windows\System32\RPCRT4.dll
[0831/163714.267:ERROR:process_memory_win.cc(73)] ReadMemory at 0x7ff9dfa30000 of 64 bytes failed: Only part of a ReadProcessMemory or WriteProcessMemory request was completed. (0x12B)
[0831/163714.267:WARNING:pe_image_reader.cc(340)] could not read dos header from C:\Program Files (x86)\Google\Chrome\Application\84.0.4147.135\chrome.dll
[0831/163714.267:ERROR:process_memory_win.cc(73)] ReadMemory at 0x7ffa3d5a0000 of 64 bytes failed: Only part of a ReadProcessMemory or WriteProcessMemory request was completed. (0x12B)
[0831/163714.267:WARNING:pe_image_reader.cc(340)] could not read dos header from C:\windows\System32\WS2_32.dll
[0831/163714.267:ERROR:process_memory_win.cc(73)] ReadMemory at 0x7ffa3dc30000 of 64 bytes failed: Only part of a ReadProcessMemory or WriteProcessMemory request was completed. (0x12B)
[0831/163714.268:WARNING:pe_image_reader.cc(340)] could not read dos header from C:\windows\System32\OLEAUT32.dll
[0831/163714.268:ERROR:process_memory_win.cc(73)] ReadMemory at 0x7ffa3b9e0000 of 64 bytes failed: Only part of a ReadProcessMemory or WriteProcessMemory request was completed. (0x12B)
[0831/163714.268:WARNING:pe_image_reader.cc(340)] could not read dos header from C:\windows\System32\msvcp_win.dll
[0831/163714.268:ERROR:process_memory_win.cc(73)] ReadMemory at 0x7ffa3bb30000 of 64 bytes failed: Only part of a ReadProcessMemory or WriteProcessMemory request was completed. (0x12B)
[0831/163714.268:WARNING:pe_image_reader.cc(340)] could not read dos header from C:\windows\System32\ucrtbase.dll
[0831/163714.268:ERROR:process_memory_win.cc(73)] ReadMemory at 0x7ffa3d8d0000 of 64 bytes failed: Only part of a ReadProcessMemory or WriteProcessMemory request was completed. (0x12B)
[0831/163714.268:WARNING:pe_image_reader.cc(340)] could not read dos header from C:\windows\System32\combase.dll
[0831/163714.268:ERROR:process_memory_win.cc(73)] ReadMemory at 0x7ffa3b930000 of 64 bytes failed: Only part of a ReadProcessMemory or WriteProcessMemory request was completed. (0x12B)
[0831/163714.268:WARNING:pe_image_reader.cc(340)] could not read dos header from C:\windows\System32\WINTRUST.dll
[0831/163714.268:ERROR:process_memory_win.cc(73)] ReadMemory at 0x7ffa3bc30000 of 64 bytes failed: Only part of a ReadProcessMemory or WriteProcessMemory request was completed. (0x12B)
[0831/163714.268:WARNING:pe_image_reader.cc(340)] could not read dos header from C:\windows\System32\CRYPT32.dll
[0831/163714.268:ERROR:process_memory_win.cc(73)] ReadMemory at 0x7ffa3ad20000 of 64 bytes failed: Only part of a ReadProcessMemory or WriteProcessMemory request was completed. (0x12B)
[0831/163714.268:WARNING:pe_image_reader.cc(340)] could not read dos header from C:\windows\SYSTEM32\IPHLPAPI.DLL
[0831/163714.268:ERROR:process_memory_win.cc(73)] ReadMemory at 0x7ffa301e0000 of 64 bytes failed: Only part of a ReadProcessMemory or WriteProcessMemory request was completed. (0x12B)
[0831/163714.268:WARNING:pe_image_reader.cc(340)] could not read dos header from C:\windows\SYSTEM32\WINMM.dll
[0831/163714.268:ERROR:process_memory_win.cc(73)] ReadMemory at 0x7ffa2b860000 of 64 bytes failed: Only part of a ReadProcessMemory or WriteProcessMemory request was completed. (0x12B)
[0831/163714.268:WARNING:pe_image_reader.cc(340)] could not read dos header from C:\windows\SYSTEM32\Secur32.dll
[0831/163714.268:ERROR:process_memory_win.cc(73)] ReadMemory at 0x7ffa3b7c0000 of 64 bytes failed: Only part of a ReadProcessMemory or WriteProcessMemory request was completed. (0x12B)
[0831/163714.268:WARNING:pe_image_reader.cc(340)] could not read dos header from C:\windows\SYSTEM32\USERENV.dll
[0831/163714.268:ERROR:process_memory_win.cc(73)] ReadMemory at 0x7ffa0d2a0000 of 64 bytes failed: Only part of a ReadProcessMemory or WriteProcessMemory request was completed. (0x12B)
[0831/163714.268:WARNING:pe_image_reader.cc(340)] could not read dos header from C:\windows\SYSTEM32\UIAutomationCore.DLL
[0831/163714.268:ERROR:process_memory_win.cc(73)] ReadMemory at 0x7ffa18920000 of 64 bytes failed: Only part of a ReadProcessMemory or WriteProcessMemory request was completed. (0x12B)
[0831/163714.268:WARNING:pe_image_reader.cc(340)] could not read dos header from C:\windows\SYSTEM32\DWrite.dll
[0831/163714.268:ERROR:process_memory_win.cc(73)] ReadMemory at 0x7ffa2ebc0000 of 64 bytes failed: Only part of a ReadProcessMemory or WriteProcessMemory request was completed. (0x12B)
[0831/163714.268:WARNING:pe_image_reader.cc(340)] could not read dos header from C:\windows\SYSTEM32\WINSPOOL.DRV
[0831/163714.268:ERROR:process_memory_win.cc(73)] ReadMemory at 0x7ffa282c0000 of 64 bytes failed: Only part of a ReadProcessMemory or WriteProcessMemory request was completed. (0x12B)
[0831/163714.268:WARNING:pe_image_reader.cc(340)] could not read dos header from C:\windows\SYSTEM32\dbghelp.dll
[0831/163714.269:ERROR:process_memory_win.cc(73)] ReadMemory at 0x7ffa2fb30000 of 64 bytes failed: Only part of a ReadProcessMemory or WriteProcessMemory request was completed. (0x12B)
[0831/163714.269:WARNING:pe_image_reader.cc(340)] could not read dos header from C:\windows\SYSTEM32\WINHTTP.dll
[0831/163714.269:ERROR:process_memory_win.cc(73)] ReadMemory at 0x7ffa359f0000 of 64 bytes failed: Only part of a ReadProcessMemory or WriteProcessMemory request was completed. (0x12B)
[0831/163714.269:WARNING:pe_image_reader.cc(340)] could not read dos header from C:\windows\SYSTEM32\dhcpcsvc.DLL
[0831/163714.269:ERROR:process_memory_win.cc(73)] ReadMemory at 0x7ffa3a0c0000 of 64 bytes failed: Only part of a ReadProcessMemory or WriteProcessMemory request was completed. (0x12B)
[0831/163714.269:WARNING:pe_image_reader.cc(340)] could not read dos header from C:\windows\SYSTEM32\PROPSYS.dll
[0831/163714.269:ERROR:process_memory_win.cc(73)] ReadMemory at 0x7ffa3b7f0000 of 64 bytes failed: Only part of a ReadProcessMemory or WriteProcessMemory request was completed. (0x12B)
[0831/163714.269:WARNING:pe_image_reader.cc(340)] could not read dos header from C:\windows\SYSTEM32\SSPICLI.DLL
[0831/163714.269:ERROR:process_memory_win.cc(73)] ReadMemory at 0x7ffa3b490000 of 64 bytes failed: Only part of a ReadProcessMemory or WriteProcessMemory request was completed. (0x12B)
[0831/163714.269:WARNING:pe_image_reader.cc(340)] could not read dos header from C:\windows\System32\MSASN1.dll
[0831/163714.269:ERROR:process_memory_win.cc(73)] ReadMemory at 0x7ffa3ba80000 of 64 bytes failed: Only part of a ReadProcessMemory or WriteProcessMemory request was completed. (0x12B)
[0831/163714.269:WARNING:pe_image_reader.cc(340)] could not read dos header from C:\windows\System32\bcryptPrimitives.dll
[0831/163714.269:ERROR:process_memory_win.cc(73)] ReadMemory at 0x7ffa3b220000 of 64 bytes failed: Only part of a ReadProcessMemory or WriteProcessMemory request was completed. (0x12B)
[0831/163714.269:WARNING:pe_image_reader.cc(340)] could not read dos header from C:\windows\SYSTEM32\CRYPTBASE.DLL
[0831/163714.275:ERROR:process_memory_win.cc(73)] ReadMemory at 0xb7a9ff9000 of 28672 bytes failed: Only part of a ReadProcessMemory or WriteProcessMemory request was completed. (0x12B)
[0831/163714.276:ERROR:process_memory_win.cc(73)] ReadMemory at 0xb7aa7fd000 of 12288 bytes failed: Only part of a ReadProcessMemory or WriteProcessMemory request was completed. (0x12B)
[0831/163714.276:ERROR:process_memory_win.cc(73)] ReadMemory at 0xb7aaffd000 of 12288 bytes failed: Only part of a ReadProcessMemory or WriteProcessMemory request was completed. (0x12B)
[0831/163714.276:ERROR:process_memory_win.cc(73)] ReadMemory at 0xb7ab7fd000 of 12288 bytes failed: Only part of a ReadProcessMemory or WriteProcessMemory request was completed. (0x12B)
[0831/163714.276:ERROR:process_memory_win.cc(73)] ReadMemory at 0xb7abffb000 of 20480 bytes failed: Only part of a ReadProcessMemory or WriteProcessMemory request was completed. (0x12B)
[0831/163714.276:ERROR:process_memory_win.cc(73)] ReadMemory at 0xb7ac7fe000 of 8192 bytes failed: Only part of a ReadProcessMemory or WriteProcessMemory request was completed. (0x12B)
[0831/163714.276:ERROR:process_memory_win.cc(73)] ReadMemory at 0xb7acffd000 of 12288 bytes failed: Only part of a ReadProcessMemory or WriteProcessMemory request was completed. (0x12B)
[0831/163714.276:ERROR:process_memory_win.cc(73)] ReadMemory at 0xb7ad7fc000 of 16384 bytes failed: Only part of a ReadProcessMemory or WriteProcessMemory request was completed. (0x12B)
[0831/163714.277:ERROR:process_memory_win.cc(73)] ReadMemory at 0xb7adffd000 of 12288 bytes failed: Only part of a ReadProcessMemory or WriteProcessMemory request was completed. (0x12B)
[0831/163714.277:ERROR:process_memory_win.cc(73)] ReadMemory at 0xb7ae7fd000 of 12288 bytes failed: Only part of a ReadProcessMemory or WriteProcessMemory request was completed. (0x12B)
[0831/163714.277:ERROR:process_memory_win.cc(73)] ReadMemory at 0xb7aeffd000 of 12288 bytes failed: Only part of a ReadProcessMemory or WriteProcessMemory request was completed. (0x12B)
[0831/163714.277:ERROR:process_memory_win.cc(73)] ReadMemory at 0xb7af7fd000 of 12288 bytes failed: Only part of a ReadProcessMemory or WriteProcessMemory request was completed. (0x12B)
[0831/163714.277:ERROR:process_memory_win.cc(73)] ReadMemory at 0xb7afffd000 of 12288 bytes failed: Only part of a ReadProcessMemory or WriteProcessMemory request was completed. (0x12B)
[0831/163714.277:ERROR:process_memory_win.cc(73)] ReadMemory at 0xb7b07fd000 of 12288 bytes failed: Only part of a ReadProcessMemory or WriteProcessMemory request was completed. (0x12B)
[0831/163714.277:ERROR:process_memory_win.cc(73)] ReadMemory at 0xb7a967f000 of 852 bytes failed: Only part of a ReadProcessMemory or WriteProcessMemory request was completed. (0x12B)
[0831/163714.277:ERROR:process_memory_win.cc(73)] ReadMemory at 0xb7a9680000 of 6024 bytes failed: Only part of a ReadProcessMemory or WriteProcessMemory request was completed. (0x12B)
[0831/163714.277:ERROR:process_memory_win.cc(73)] ReadMemory at 0xb7a9682000 of 6024 bytes failed: Only part of a ReadProcessMemory or WriteProcessMemory request was completed. (0x12B)
[0831/163714.277:ERROR:process_memory_win.cc(73)] ReadMemory at 0xb7a9684000 of 6024 bytes failed: Only part of a ReadProcessMemory or WriteProcessMemory request was completed. (0x12B)
[0831/163714.278:ERROR:process_memory_win.cc(73)] ReadMemory at 0xb7a9686000 of 6024 bytes failed: Only part of a ReadProcessMemory or WriteProcessMemory request was completed. (0x12B)
[0831/163714.278:ERROR:process_memory_win.cc(73)] ReadMemory at 0xb7a9688000 of 6024 bytes failed: Only part of a ReadProcessMemory or WriteProcessMemory request was completed. (0x12B)
[0831/163714.278:ERROR:process_memory_win.cc(73)] ReadMemory at 0xb7a968a000 of 6024 bytes failed: Only part of a ReadProcessMemory or WriteProcessMemory request was completed. (0x12B)
[0831/163714.278:ERROR:process_memory_win.cc(73)] ReadMemory at 0xb7a968c000 of 6024 bytes failed: Only part of a ReadProcessMemory or WriteProcessMemory request was completed. (0x12B)
[0831/163714.278:ERROR:process_memory_win.cc(73)] ReadMemory at 0xb7a968e000 of 6024 bytes failed: Only part of a ReadProcessMemory or WriteProcessMemory request was completed. (0x12B)
[0831/163714.278:ERROR:process_memory_win.cc(73)] ReadMemory at 0xb7a9690000 of 6024 bytes failed: Only part of a ReadProcessMemory or WriteProcessMemory request was completed. (0x12B)
[0831/163714.279:ERROR:process_memory_win.cc(73)] ReadMemory at 0xb7a9692000 of 6024 bytes failed: Only part of a ReadProcessMemory or WriteProcessMemory request was completed. (0x12B)
[0831/163714.279:ERROR:process_memory_win.cc(73)] ReadMemory at 0xb7a9694000 of 6024 bytes failed: Only part of a ReadProcessMemory or WriteProcessMemory request was completed. (0x12B)
[0831/163714.280:ERROR:process_memory_win.cc(73)] ReadMemory at 0xb7a9696000 of 6024 bytes failed: Only part of a ReadProcessMemory or WriteProcessMemory request was completed. (0x12B)
[0831/163714.280:ERROR:process_memory_win.cc(73)] ReadMemory at 0xb7a9698000 of 6024 bytes failed: Only part of a ReadProcessMemory or WriteProcessMemory request was completed. (0x12B)
[0831/163714.280:ERROR:process_memory_win.cc(73)] ReadMemory at 0xb7a969a000 of 6024 bytes failed: Only part of a ReadProcessMemory or WriteProcessMemory request was completed. (0x12B)
[0831/163714.280:ERROR:process_memory_win.cc(73)] ReadMemory at 0x2438b010fe0 of 22160 bytes failed: Only part of a ReadProcessMemory or WriteProcessMemory request was completed. (0x12B)
[0831/163714.280:ERROR:process_memory_win.cc(73)] ReadMemory at 0x2438b016680 of 1012 bytes failed: Only part of a ReadProcessMemory or WriteProcessMemory request was completed. (0x12B)
[0831/163714.280:ERROR:process_memory_win.cc(73)] ReadMemory at 0x2438b016cc8 of 118 bytes failed: Only part of a ReadProcessMemory or WriteProcessMemory request was completed. (0x12B)
[0831/163714.280:ERROR:process_memory_win.cc(73)] ReadMemory at 0x2438b016d40 of 848 bytes failed: Only part of a ReadProcessMemory or WriteProcessMemory request was completed. (0x12B)
[0831/163714.280:ERROR:process_memory_win.cc(73)] ReadMemory at 0x2438b017092 of 118 bytes failed: Only part of a ReadProcessMemory or WriteProcessMemory request was completed. (0x12B)
[0831/163714.280:ERROR:process_memory_win.cc(73)] ReadMemory at 0x2438b01710a of 96 bytes failed: Only part of a ReadProcessMemory or WriteProcessMemory request was completed. (0x12B)
[0831/163714.280:ERROR:process_memory_win.cc(73)] ReadMemory at 0x2438b017180 of 58 bytes failed: Only part of a ReadProcessMemory or WriteProcessMemory request was completed. (0x12B)
[0831/163714.281:ERROR:process_memory_win.cc(73)] ReadMemory at 0x2438b017280 of 132 bytes failed: Only part of a ReadProcessMemory or WriteProcessMemory request was completed. (0x12B)
[0831/163714.281:ERROR:process_memory_win.cc(73)] ReadMemory at 0x2438b017410 of 132 bytes failed: Only part of a ReadProcessMemory or WriteProcessMemory request was completed. (0x12B)
[0831/163714.281:ERROR:process_memory_win.cc(73)] ReadMemory at 0x2438b0175d0 of 126 bytes failed: Only part of a ReadProcessMemory or WriteProcessMemory request was completed. (0x12B)
[0831/163714.281:ERROR:process_memory_win.cc(73)] ReadMemory at 0x2438b0179b0 of 132 bytes failed: Only part of a ReadProcessMemory or WriteProcessMemory request was completed. (0x12B)
[0831/163714.281:ERROR:process_memory_win.cc(73)] ReadMemory at 0x2438b017b40 of 64 bytes failed: Only part of a ReadProcessMemory or WriteProcessMemory request was completed. (0x12B)
[0831/163714.281:ERROR:process_memory_win.cc(73)] ReadMemory at 0x2438b017d00 of 132 bytes failed: Only part of a ReadProcessMemory or WriteProcessMemory request was completed. (0x12B)
[0831/163714.281:ERROR:process_memory_win.cc(73)] ReadMemory at 0x2438b017fd0 of 132 bytes failed: Only part of a ReadProcessMemory or WriteProcessMemory request was completed. (0x12B)
[0831/163714.281:ERROR:process_memory_win.cc(73)] ReadMemory at 0x2438b018160 of 68 bytes failed: Only part of a ReadProcessMemory or WriteProcessMemory request was completed. (0x12B)
[0831/163714.281:ERROR:process_memory_win.cc(73)] ReadMemory at 0x2438b019260 of 132 bytes failed: Only part of a ReadProcessMemory or WriteProcessMemory request was completed. (0x12B)
[0831/163714.282:ERROR:process_memory_win.cc(73)] ReadMemory at 0x2438b019390 of 154 bytes failed: Only part of a ReadProcessMemory or WriteProcessMemory request was completed. (0x12B)
[0831/163714.282:ERROR:process_memory_win.cc(73)] ReadMemory at 0x2438b01a270 of 62 bytes failed: Only part of a ReadProcessMemory or WriteProcessMemory request was completed. (0x12B)
[0831/163714.282:ERROR:process_memory_win.cc(73)] ReadMemory at 0x2438b01a3a0 of 132 bytes failed: Only part of a ReadProcessMemory or WriteProcessMemory request was completed. (0x12B)
[0831/163714.282:ERROR:process_memory_win.cc(73)] ReadMemory at 0x2438b01a530 of 60 bytes failed: Only part of a ReadProcessMemory or WriteProcessMemory request was completed. (0x12B)
[0831/163714.282:ERROR:process_memory_win.cc(73)] ReadMemory at 0x2438b0302a0 of 132 bytes failed: Only part of a ReadProcessMemory or WriteProcessMemory request was completed. (0x12B)
[0831/163714.282:ERROR:process_memory_win.cc(73)] ReadMemory at 0x2438b030720 of 146 bytes failed: Only part of a ReadProcessMemory or WriteProcessMemory request was completed. (0x12B)
[0831/163714.282:ERROR:process_memory_win.cc(73)] ReadMemory at 0x2438b0309d0 of 132 bytes failed: Only part of a ReadProcessMemory or WriteProcessMemory request was completed. (0x12B)
[0831/163714.282:ERROR:process_memory_win.cc(73)] ReadMemory at 0x2438b030b00 of 132 bytes failed: Only part of a ReadProcessMemory or WriteProcessMemory request was completed. (0x12B)
[0831/163714.282:ERROR:process_memory_win.cc(73)] ReadMemory at 0x2438b030d60 of 132 bytes failed: Only part of a ReadProcessMemory or WriteProcessMemory request was completed. (0x12B)
[0831/163714.282:ERROR:process_memory_win.cc(73)] ReadMemory at 0x2438b030e90 of 132 bytes failed: Only part of a ReadProcessMemory or WriteProcessMemory request was completed. (0x12B)
[0831/163714.282:ERROR:process_memory_win.cc(73)] ReadMemory at 0x2438b030fc0 of 132 bytes failed: Only part of a ReadProcessMemory or WriteProcessMemory request was completed. (0x12B)
[0831/163714.282:ERROR:process_memory_win.cc(73)] ReadMemory at 0x2438b0310f0 of 132 bytes failed: Only part of a ReadProcessMemory or WriteProcessMemory request was completed. (0x12B)
[0831/163714.282:ERROR:process_memory_win.cc(73)] ReadMemory at 0x2438b031220 of 132 bytes failed: Only part of a ReadProcessMemory or WriteProcessMemory request was completed. (0x12B)
[0831/163714.283:ERROR:process_memory_win.cc(73)] ReadMemory at 0x2438b031350 of 132 bytes failed: Only part of a ReadProcessMemory or WriteProcessMemory request was completed. (0x12B)
[0831/163714.283:ERROR:process_memory_win.cc(73)] ReadMemory at 0x2438b031480 of 132 bytes failed: Only part of a ReadProcessMemory or WriteProcessMemory request was completed. (0x12B)
[0831/163714.283:ERROR:process_memory_win.cc(73)] ReadMemory at 0x2438b0315b0 of 132 bytes failed: Only part of a ReadProcessMemory or WriteProcessMemory request was completed. (0x12B)
[0831/163714.283:ERROR:process_memory_win.cc(73)] ReadMemory at 0x2438b0316e0 of 132 bytes failed: Only part of a ReadProcessMemory or WriteProcessMemory request was completed. (0x12B)
[0831/163714.283:ERROR:process_memory_win.cc(73)] ReadMemory at 0x2438b031810 of 132 bytes failed: Only part of a ReadProcessMemory or WriteProcessMemory request was completed. (0x12B)
[0831/163714.283:ERROR:process_memory_win.cc(73)] ReadMemory at 0x2438b031c80 of 80 bytes failed: Only part of a ReadProcessMemory or WriteProcessMemory request was completed. (0x12B)
[0831/163714.283:ERROR:process_memory_win.cc(73)] ReadMemory at 0x2438b031e60 of 80 bytes failed: Only part of a ReadProcessMemory or WriteProcessMemory request was completed. (0x12B)
[0831/163714.283:ERROR:process_memory_win.cc(73)] ReadMemory at 0x2438b037020 of 64 bytes failed: Only part of a ReadProcessMemory or WriteProcessMemory request was completed. (0x12B)
[0831/163714.283:ERROR:process_memory_win.cc(73)] ReadMemory at 0x2438b037110 of 62 bytes failed: Only part of a ReadProcessMemory or WriteProcessMemory request was completed. (0x12B)
[0831/163714.283:ERROR:process_memory_win.cc(73)] ReadMemory at 0x2438b037160 of 64 bytes failed: Only part of a ReadProcessMemory or WriteProcessMemory request was completed. (0x12B)
[0831/163714.283:ERROR:process_memory_win.cc(73)] ReadMemory at 0x2438b0371b0 of 62 bytes failed: Only part of a ReadProcessMemory or WriteProcessMemory request was completed. (0x12B)
[0831/163714.283:ERROR:process_memory_win.cc(73)] ReadMemory at 0x2438b037200 of 64 bytes failed: Only part of a ReadProcessMemory or WriteProcessMemory request was completed. (0x12B)
[0831/163714.283:ERROR:process_memory_win.cc(73)] ReadMemory at 0x2438b037390 of 62 bytes failed: Only part of a ReadProcessMemory or WriteProcessMemory request was completed. (0x12B)
[0831/163714.283:ERROR:process_memory_win.cc(73)] ReadMemory at 0x2438b0374d0 of 64 bytes failed: Only part of a ReadProcessMemory or WriteProcessMemory request was completed. (0x12B)
[0831/163714.284:ERROR:process_memory_win.cc(73)] ReadMemory at 0x2438b037520 of 64 bytes failed: Only part of a ReadProcessMemory or WriteProcessMemory request was completed. (0x12B)
[0831/163714.284:ERROR:process_memory_win.cc(73)] ReadMemory at 0x2438b037570 of 62 bytes failed: Only part of a ReadProcessMemory or WriteProcessMemory request was completed. (0x12B)
[0831/163714.284:ERROR:process_memory_win.cc(73)] ReadMemory at 0x2438b037660 of 64 bytes failed: Only part of a ReadProcessMemory or WriteProcessMemory request was completed. (0x12B)
[0831/163714.284:ERROR:process_memory_win.cc(73)] ReadMemory at 0x2438b0376b0 of 62 bytes failed: Only part of a ReadProcessMemory or WriteProcessMemory request was completed. (0x12B)
[0831/163714.284:ERROR:process_memory_win.cc(73)] ReadMemory at 0x2438b037700 of 62 bytes failed: Only part of a ReadProcessMemory or WriteProcessMemory request was completed. (0x12B)
[0831/163714.284:ERROR:process_memory_win.cc(73)] ReadMemory at 0x2438b0377a0 of 62 bytes failed: Only part of a ReadProcessMemory or WriteProcessMemory request was completed. (0x12B)
[0831/163714.284:ERROR:process_memory_win.cc(73)] ReadMemory at 0x2438b0377f0 of 60 bytes failed: Only part of a ReadProcessMemory or WriteProcessMemory request was completed. (0x12B)
[0831/163714.284:ERROR:process_memory_win.cc(73)] ReadMemory at 0x2438b037890 of 62 bytes failed: Only part of a ReadProcessMemory or WriteProcessMemory request was completed. (0x12B)
[0831/163714.285:ERROR:process_memory_win.cc(73)] ReadMemory at 0x2438b037930 of 64 bytes failed: Only part of a ReadProcessMemory or WriteProcessMemory request was completed. (0x12B)
[0831/163714.285:ERROR:process_memory_win.cc(73)] ReadMemory at 0x2438b0379d0 of 62 bytes failed: Only part of a ReadProcessMemory or WriteProcessMemory request was completed. (0x12B)
[0831/163714.285:ERROR:process_memory_win.cc(73)] ReadMemory at 0x2438b037ac0 of 58 bytes failed: Only part of a ReadProcessMemory or WriteProcessMemory request was completed. (0x12B)
[0831/163714.285:ERROR:process_memory_win.cc(73)] ReadMemory at 0x2438b037ca0 of 60 bytes failed: Only part of a ReadProcessMemory or WriteProcessMemory request was completed. (0x12B)
[0831/163714.285:ERROR:process_memory_win.cc(73)] ReadMemory at 0x2438b037cf0 of 66 bytes failed: Only part of a ReadProcessMemory or WriteProcessMemory request was completed. (0x12B)
[0831/163714.285:ERROR:process_memory_win.cc(73)] ReadMemory at 0x2438b037e30 of 60 bytes failed: Only part of a ReadProcessMemory or WriteProcessMemory request was completed. (0x12B)
[0831/163714.285:ERROR:process_memory_win.cc(73)] ReadMemory at 0x2438b0388e0 of 132 bytes failed: Only part of a ReadProcessMemory or WriteProcessMemory request was completed. (0x12B)
[0831/163714.285:ERROR:process_memory_win.cc(73)] ReadMemory at 0x2438b038af0 of 132 bytes failed: Only part of a ReadProcessMemory or WriteProcessMemory request was completed. (0x12B)
[0831/163714.285:ERROR:process_memory_win.cc(73)] ReadMemory at 0x2438b03b1d0 of 132 bytes failed: Only part of a ReadProcessMemory or WriteProcessMemory request was completed. (0x12B)
[0831/163714.285:ERROR:process_memory_win.cc(73)] ReadMemory at 0x2438b03b300 of 132 bytes failed: Only part of a ReadProcessMemory or WriteProcessMemory request was completed. (0x12B)
[0831/163714.285:ERROR:process_memory_win.cc(73)] ReadMemory at 0x2438b03d9a0 of 132 bytes failed: Only part of a ReadProcessMemory or WriteProcessMemory request was completed. (0x12B)
[0831/163714.285:ERROR:process_memory_win.cc(73)] ReadMemory at 0x2438b03dbc0 of 132 bytes failed: Only part of a ReadProcessMemory or WriteProcessMemory request was completed. (0x12B)
[0831/163714.285:ERROR:process_memory_win.cc(73)] ReadMemory at 0x2438b03f8c0 of 132 bytes failed: Only part of a ReadProcessMemory or WriteProcessMemory request was completed. (0x12B)
[0831/163714.285:ERROR:process_memory_win.cc(73)] ReadMemory at 0x2438b03fe40 of 132 bytes failed: Only part of a ReadProcessMemory or WriteProcessMemory request was completed. (0x12B)
[0831/163714.286:ERROR:process_memory_win.cc(73)] ReadMemory at 0x2438b044120 of 132 bytes failed: Only part of a ReadProcessMemory or WriteProcessMemory request was completed. (0x12B)
[0831/163714.286:ERROR:process_memory_win.cc(73)] ReadMemory at 0x2438b0445e0 of 132 bytes failed: Only part of a ReadProcessMemory or WriteProcessMemory request was completed. (0x12B)
[0831/163714.286:ERROR:process_memory_win.cc(73)] ReadMemory at 0x2438b044f60 of 132 bytes failed: Only part of a ReadProcessMemory or WriteProcessMemory request was completed. (0x12B)
[0831/163714.286:ERROR:process_memory_win.cc(73)] ReadMemory at 0x2438b045c70 of 132 bytes failed: Only part of a ReadProcessMemory or WriteProcessMemory request was completed. (0x12B)
[0831/163714.286:ERROR:process_memory_win.cc(73)] ReadMemory at 0x2438b04ac40 of 60 bytes failed: Only part of a ReadProcessMemory or WriteProcessMemory request was completed. (0x12B)
[0831/163714.286:ERROR:process_memory_win.cc(73)] ReadMemory at 0x2438b0a29a0 of 512 bytes failed: Only part of a ReadProcessMemory or WriteProcessMemory request was completed. (0x12B)
[0831/163714.286:ERROR:process_memory_win.cc(73)] ReadMemory at 0x2438b0c8860 of 512 bytes failed: Only part of a ReadProcessMemory or WriteProcessMemory request was completed. (0x12B)
[0831/163714.286:ERROR:process_memory_win.cc(73)] ReadMemory at 0x2438b0cbc50 of 512 bytes failed: Only part of a ReadProcessMemory or WriteProcessMemory request was completed. (0x12B)
[0831/163714.286:ERROR:process_memory_win.cc(73)] ReadMemory at 0x2438b0ccf50 of 512 bytes failed: Only part of a ReadProcessMemory or WriteProcessMemory request was completed. (0x12B)
[0831/163714.286:ERROR:process_memory_win.cc(73)] ReadMemory at 0x2438b0dac20 of 712 bytes failed: Only part of a ReadProcessMemory or WriteProcessMemory request was completed. (0x12B)
[0831/163714.286:ERROR:process_memory_win.cc(73)] ReadMemory at 0x2438b0e2730 of 512 bytes failed: Only part of a ReadProcessMemory or WriteProcessMemory request was completed. (0x12B)
[0831/163714.286:ERROR:process_memory_win.cc(73)] ReadMemory at 0x2438b140e80 of 512 bytes failed: Only part of a ReadProcessMemory or WriteProcessMemory request was completed. (0x12B)
[0831/163714.287:ERROR:process_memory_win.cc(73)] ReadMemory at 0x2438b141b40 of 512 bytes failed: Only part of a ReadProcessMemory or WriteProcessMemory request was completed. (0x12B)
[0831/163714.287:ERROR:process_memory_win.cc(73)] ReadMemory at 0x2438b142140 of 512 bytes failed: Only part of a ReadProcessMemory or WriteProcessMemory request was completed. (0x12B)
[0831/163714.287:ERROR:process_memory_win.cc(73)] ReadMemory at 0x2438ca2efe0 of 512 bytes failed: Only part of a ReadProcessMemory or WriteProcessMemory request was completed. (0x12B)
[0831/163714.287:ERROR:process_memory_win.cc(73)] ReadMemory at 0x2438cac17b0 of 512 bytes failed: Only part of a ReadProcessMemory or WriteProcessMemory request was completed. (0x12B)
[0831/163714.287:ERROR:process_memory_win.cc(73)] ReadMemory at 0x2438cb5e000 of 512 bytes failed: Only part of a ReadProcessMemory or WriteProcessMemory request was completed. (0x12B)
[0831/163714.287:ERROR:process_memory_win.cc(73)] ReadMemory at 0x2438cb8c7d8 of 512 bytes failed: Only part of a ReadProcessMemory or WriteProcessMemory request was completed. (0x12B)
[0831/163714.287:ERROR:process_memory_win.cc(73)] ReadMemory at 0x2438cb8ee20 of 512 bytes failed: Only part of a ReadProcessMemory or WriteProcessMemory request was completed. (0x12B)
[0831/163714.287:ERROR:process_memory_win.cc(73)] ReadMemory at 0x7ff9dffebbb4 of 512 bytes failed: Only part of a ReadProcessMemory or WriteProcessMemory request was completed. (0x12B)
[0831/163714.287:ERROR:process_memory_win.cc(73)] ReadMemory at 0x7ff9e223974c of 512 bytes failed: Only part of a ReadProcessMemory or WriteProcessMemory request was completed. (0x12B)
[0831/163714.287:ERROR:process_memory_win.cc(73)] ReadMemory at 0x7ff9e29f3792 of 553 bytes failed: Only part of a ReadProcessMemory or WriteProcessMemory request was completed. (0x12B)
[0831/163714.287:ERROR:process_memory_win.cc(73)] ReadMemory at 0x7ffa3c01c738 of 512 bytes failed: Only part of a ReadProcessMemory or WriteProcessMemory request was completed. (0x12B)
[0831/163714.287:ERROR:process_memory_win.cc(73)] ReadMemory at 0x7ffa3e24ad94 of 672 bytes failed: Only part of a ReadProcessMemory or WriteProcessMemory request was completed. (0x12B)
[0831/163714.288:ERROR:process_memory_win.cc(73)] ReadMemory at 0x7ffa3e24b394 of 512 bytes failed: Only part of a ReadProcessMemory or WriteProcessMemory request was completed. (0x12B)
[0831/163714.293:ERROR:process_memory_win.cc(73)] ReadMemory at 0x7ffa3e24e704 of 608 bytes failed: Only part of a ReadProcessMemory or WriteProcessMemory request was completed. (0x12B)
[0831/163714.293:ERROR:process_memory_win.cc(73)] ReadMemory at 0x7ffa3e2df650 of 18 bytes failed: Only part of a ReadProcessMemory or WriteProcessMemory request was completed. (0x12B)
[0831/163714.294:ERROR:process_memory_win.cc(73)] ReadMemory at 0x7ffa3e3134f8 of 40 bytes failed: Only part of a ReadProcessMemory or WriteProcessMemory request was completed. (0x12B)
[0831/163714.294:ERROR:process_memory_win.cc(73)] ReadMemory at 0x7ffa3e313978 of 48 bytes failed: Only part of a ReadProcessMemory or WriteProcessMemory request was completed. (0x12B)
[0831/163714.294:ERROR:process_memory_win.cc(73)] ReadMemory at 0x7ffa3e3194c0 of 64 bytes failed: Only part of a ReadProcessMemory or WriteProcessMemory request was completed. (0x12B)
[0831/163714.296:ERROR:scoped_process_suspend.cc(40)] NtResumeProcess: An attempt was made to access an exiting process. (0xc000010a)
